<?xml version="1.0" encoding="UTF-8"?>
<!-- Generated by org.testng.reporters.JUnitReportReporter -->
<testsuite hostname="Admin" failures="0" tests="1" name="restAPI.GetRequestWithParam" time="3.866" errors="0" timestamp="09 Jul 2023 04:53:22 GMT" skipped="0">
  <testcase classname="restAPI.GetRequestWithParam" name="test1" time="3.866"/>
</testsuite> <!-- restAPI.GetRequestWithParam -->
