<?xml version="1.0" encoding="UTF-8"?>
<!-- Generated by org.testng.reporters.JUnitReportReporter -->
<testsuite hostname="Admin" failures="0" tests="1" name="restAPI.PostRequest" time="1.734" errors="0" timestamp="09 Jul 2023 05:29:38 GMT" skipped="0">
  <testcase classname="restAPI.PostRequest" name="test1" time="1.734"/>
</testsuite> <!-- restAPI.PostRequest -->
