<?xml version="1.0" encoding="UTF-8"?>
<!-- Generated by org.testng.reporters.JUnitReportReporter -->
<testsuite hostname="Admin" failures="0" tests="1" name="springbootApp.GetAllEmployee" time="2.633" errors="0" timestamp="16 Jul 2023 05:56:25 GMT" skipped="0">
  <testcase classname="springbootApp.GetAllEmployee" name="test1" time="2.633"/>
</testsuite> <!-- springbootApp.GetAllEmployee -->
