<?xml version="1.0" encoding="UTF-8"?>
<!-- Generated by org.testng.reporters.JUnitReportReporter -->
<testsuite hostname="Admin" failures="0" tests="2" name="restAPIXML.XMLTest" time="5.919" errors="0" timestamp="18 Jul 2023 07:20:20 GMT" skipped="0">
  <testcase classname="restAPIXML.XMLTest" name="test1" time="3.821"/>
  <testcase classname="restAPIXML.XMLTest" name="test2" time="2.098"/>
</testsuite> <!-- restAPIXML.XMLTest -->
