<?xml version="1.0" encoding="UTF-8"?>
<!-- Generated by org.testng.reporters.JUnitReportReporter -->
<testsuite hostname="Admin" failures="0" tests="1" name="restAPI.PostRequestWithMap" time="2.048" errors="0" timestamp="09 Jul 2023 05:38:33 GMT" skipped="0">
  <testcase classname="restAPI.PostRequestWithMap" name="test1" time="2.048"/>
</testsuite> <!-- restAPI.PostRequestWithMap -->
