<?xml version="1.0" encoding="UTF-8"?>
<!-- Generated by org.testng.reporters.JUnitReportReporter -->
<testsuite hostname="Admin" failures="0" tests="1" name="restAPI.GetRequest" time="3.104" errors="0" timestamp="09 Jul 2023 05:06:36 GMT" skipped="0">
  <testcase classname="restAPI.GetRequest" name="test1" time="3.104"/>
</testsuite> <!-- restAPI.GetRequest -->
