<?xml version="1.0" encoding="UTF-8"?>
<!-- Generated by org.testng.reporters.JUnitReportReporter -->
<testsuite hostname="Admin" failures="0" tests="1" name="restAPI.PutRequest" time="2.131" errors="0" timestamp="16 Jul 2023 05:29:01 GMT" skipped="0">
  <testcase classname="restAPI.PutRequest" name="test1" time="2.131"/>
</testsuite> <!-- restAPI.PutRequest -->
