<?xml version="1.0" encoding="UTF-8"?>
<!-- Generated by org.testng.reporters.JUnitReportReporter -->
<testsuite hostname="Admin" failures="0" tests="1" name="restAPI.PostRequestWithJsonObject" time="1.738" errors="0" timestamp="09 Jul 2023 05:41:55 GMT" skipped="0">
  <testcase classname="restAPI.PostRequestWithJsonObject" name="test1" time="1.738"/>
</testsuite> <!-- restAPI.PostRequestWithJsonObject -->
