<?xml version="1.0" encoding="UTF-8"?>
<!-- Generated by org.testng.reporters.JUnitReportReporter -->
<testsuite hostname="Admin" failures="0" tests="1" name="restAPI.DeleteRequest" time="1.582" errors="0" timestamp="16 Jul 2023 05:38:26 GMT" skipped="0">
  <testcase classname="restAPI.DeleteRequest" name="test1" time="1.582"/>
</testsuite> <!-- restAPI.DeleteRequest -->
