<?xml version="1.0" encoding="UTF-8"?>
<!-- Generated by org.testng.reporters.JUnitReportReporter -->
<testsuite hostname="Admin" failures="0" tests="1" name="springbootApp.PostNewEmployee" time="2.281" errors="0" timestamp="16 Jul 2023 05:55:38 GMT" skipped="0">
  <testcase classname="springbootApp.PostNewEmployee" name="test1" time="2.281"/>
</testsuite> <!-- springbootApp.PostNewEmployee -->
