<?xml version="1.0" encoding="UTF-8"?>
<!-- Generated by org.testng.reporters.JUnitReportReporter -->
<testsuite hostname="Admin" failures="0" tests="1" name="restAPIBDD.PostRequestBDD" time="2.332" errors="0" timestamp="18 Jul 2023 07:07:58 GMT" skipped="0">
  <testcase classname="restAPIBDD.PostRequestBDD" name="test1" time="2.332"/>
</testsuite> <!-- restAPIBDD.PostRequestBDD -->
