<?xml version="1.0" encoding="UTF-8"?>
<!-- Generated by org.testng.reporters.JUnitReportReporter -->
<testsuite hostname="Admin" failures="0" tests="3" name="restAPIBDD.GetRequestBDD" time="4.148" errors="0" timestamp="18 Jul 2023 07:04:22 GMT" skipped="0">
  <testcase classname="restAPIBDD.GetRequestBDD" name="test3" time="0.157"/>
  <testcase classname="restAPIBDD.GetRequestBDD" name="test1" time="3.874"/>
  <testcase classname="restAPIBDD.GetRequestBDD" name="test2" time="0.117"/>
</testsuite> <!-- restAPIBDD.GetRequestBDD -->
